#
# A fatal error has been detected by the Java Runtime Environment:
#
#  EXCEPTION_ACCESS_VIOLATION (0xc0000005) at pc=0x00007ffd1645a7ff, pid=7756, tid=8024
#
# JRE version: Java(TM) SE Runtime Environment (15.0.2+7) (build 15.0.2+7-27)
# Java VM: Java HotSpot(TM) 64-Bit Server VM (15.0.2+7-27, mixed mode, sharing, tiered, compressed oops, g1 gc, windows-amd64)
# Problematic frame:
# V  [jvm.dll+0x18a7ff]
#
# No core dump will be written. Minidumps are not enabled by default on client versions of Windows
#
# If you would like to submit a bug report, please visit:
#   https://bugreport.java.com/bugreport/crash.jsp
#

---------------  S U M M A R Y ------------

Command Line: -Dclassworlds.conf=C:\Program Files\NetBeans-19\netbeans\java\maven\bin\m2.conf -Dmaven.home=C:\Program Files\NetBeans-19\netbeans\java\maven -Dlibrary.jansi.path=C:\Program Files\NetBeans-19\netbeans\java\maven\lib\jansi-native -Dmaven.multiModuleProjectDirectory=D:\Cursos UDEMY\JAVA de Cero a Experto UDEMY\S117. SPRING - Crud completo con Spring Boot y MySQL\ControlClientes org.codehaus.plexus.classworlds.launcher.Launcher -Dspring-boot.run.jvmArguments=-noverify -XX:TieredStopAtLevel=1 -Dspring-boot.run.mainClass=mx.com.gm.HolaSpringApplication -Dexec.vmArgs= -Dexec.appArgs= -Dmaven.ext.class.path=C:\Program Files\NetBeans-19\netbeans\java\maven-nblib\netbeans-eventspy.jar -Dfile.encoding=UTF-8 --no-transfer-progress spring-boot:run

Host: AMD A6-7310 APU with AMD Radeon R4 Graphics    , 4 cores, 6G,  Windows 10 , 64 bit Build 19041 (10.0.19041.3636)
Time: Sat Dec  2 12:52:35 2023 Hora est. Pacífico, Sudamérica elapsed time: 25.797705 seconds (0d 0h 0m 25s)

---------------  T H R E A D  ---------------

Current thread (0x000001fe7beaf280):  JavaThread "C2 CompilerThread1" daemon [_thread_in_native, id=8024, stack(0x0000000731f00000,0x0000000732000000)]


Current CompileTask:
C2:  25797 7076       4       org.codehaus.plexus.util.xml.Xpp3DomBuilder::build (413 bytes)

Stack: [0x0000000731f00000,0x0000000732000000],  sp=0x0000000731ffd920,  free space=1014k
Native frames: (J=compiled Java code, j=interpreted, Vv=VM code, C=native code)
V  [jvm.dll+0x18a7ff]
V  [jvm.dll+0x652b7a]
V  [jvm.dll+0x63d26f]
V  [jvm.dll+0x63ceec]
V  [jvm.dll+0x63f955]
V  [jvm.dll+0x643614]
V  [jvm.dll+0x63b16b]
V  [jvm.dll+0x63a797]
V  [jvm.dll+0x6385e5]
V  [jvm.dll+0x17b0cc]
V  [jvm.dll+0x1e9586]
V  [jvm.dll+0x178567]
V  [jvm.dll+0x1f9225]
V  [jvm.dll+0x1f72cc]
V  [jvm.dll+0x74495d]
V  [jvm.dll+0x73d75a]
V  [jvm.dll+0x629c56]
C  [ucrtbase.dll+0x21bb2]
C  [KERNEL32.DLL+0x17344]
C  [ntdll.dll+0x526b1]


siginfo: EXCEPTION_ACCESS_VIOLATION (0xc0000005), reading address 0x00000000000007d0


Register to memory mapping:

RIP=0x00007ffd1645a7ff jvm.dll
RAX=0x000001fe7da5e080 points into unknown readable memory: 0x00007ffd16b1c830 | 30 c8 b1 16 fd 7f 00 00
RBX=0x000001fe7a99bad8 points into unknown readable memory: 0x00007ffd16bb66c0 | c0 66 bb 16 fd 7f 00 00
RCX=0x000001fe7a99bad8 points into unknown readable memory: 0x00007ffd16bb66c0 | c0 66 bb 16 fd 7f 00 00
RDX=0x0000000000000010 is an unknown value
RSP=0x0000000731ffd920 is pointing into the stack for thread: 0x000001fe7beaf280
RBP=0x0000000000000002 is an unknown value
RSI=0x000001fe7f5c6928 points into unknown readable memory: 0x00007ffd16b1c8f0 | f0 c8 b1 16 fd 7f 00 00
RDI=0x0 is NULL
R8 =0x000001fe7a99bad8 points into unknown readable memory: 0x00007ffd16bb66c0 | c0 66 bb 16 fd 7f 00 00
R9 =0x000001fe7a99ba68 points into unknown readable memory: 0x00007ffd16bb66c0 | c0 66 bb 16 fd 7f 00 00
R10=0x0 is NULL
R11=0x000000000102e688 is an unknown value
R12=0x000001fe7a99bad8 points into unknown readable memory: 0x00007ffd16bb66c0 | c0 66 bb 16 fd 7f 00 00
R13=0x0000000731ffe130 is pointing into the stack for thread: 0x000001fe7beaf280
R14=0x000001fe7ca2f9d8 points into unknown readable memory: 0x00007ffd16b1c8f0 | f0 c8 b1 16 fd 7f 00 00
R15=0x000001fe7da5dd00 points into unknown readable memory: 0x00007ffd16b1ccd8 | d8 cc b1 16 fd 7f 00 00


Registers:
RAX=0x000001fe7da5e080, RBX=0x000001fe7a99bad8, RCX=0x000001fe7a99bad8, RDX=0x0000000000000010
RSP=0x0000000731ffd920, RBP=0x0000000000000002, RSI=0x000001fe7f5c6928, RDI=0x0000000000000000
R8 =0x000001fe7a99bad8, R9 =0x000001fe7a99ba68, R10=0x0000000000000000, R11=0x000000000102e688
R12=0x000001fe7a99bad8, R13=0x0000000731ffe130, R14=0x000001fe7ca2f9d8, R15=0x000001fe7da5dd00
RIP=0x00007ffd1645a7ff, EFLAGS=0x0000000000010297

Top of Stack: (sp=0x0000000731ffd920)
0x0000000731ffd920:   000001fe7a99bad8 000001fe7da5ddb0
0x0000000731ffd930:   0000000000000001 000001fe7ca2f7e8
0x0000000731ffd940:   000001fe7da5ddb0 0000000000000000
0x0000000731ffd950:   0000000731ffe130 0000000000000001
0x0000000731ffd960:   000001fe7ca2f7e8 00007ffd16922b7a
0x0000000731ffd970:   000001fe7da5e080 000001fe7ca2f9d8
0x0000000731ffd980:   0000000731ffdd70 000001fe7f5c6928
0x0000000731ffd990:   0000000000000005 00007ffd1690d26f
0x0000000731ffd9a0:   000001fe7ca2f9d8 0000000731ffdd70
0x0000000731ffd9b0:   000001fe7f5c6928 0000000000000005
0x0000000731ffd9c0:   0000003000000030 000001fe7da5ae60
0x0000000731ffd9d0:   000001fe7da5e080 000001fe7ee858c8
0x0000000731ffd9e0:   000001fe7ceb3e30 000001fe7ceb3c00
0x0000000731ffd9f0:   000001fe7ca2f148 000001fe7ceb3e30
0x0000000731ffda00:   0000000000000001 0000000731ffdd70
0x0000000731ffda10:   0000000000000000 000001fe7da5ddb0 

Instructions: (pc=0x00007ffd1645a7ff)
0x00007ffd1645a6ff:   41 b0 01 48 8b 01 ff 50 08 48 8b c8 48 8b 10 ff
0x00007ffd1645a70f:   92 88 00 00 00 e9 03 02 00 00 49 8b 4e 38 8b 41
0x00007ffd1645a71f:   10 83 f8 06 75 06 48 8b 49 18 eb 17 83 f8 07 75
0x00007ffd1645a72f:   06 48 8b 49 18 eb 0c 83 c0 f1 83 f8 06 0f 87 90
0x00007ffd1645a73f:   00 00 00 48 85 c9 0f 84 87 00 00 00 83 79 10 12
0x00007ffd1645a74f:   49 8b d4 49 8b fc 48 0f 44 d1 83 79 10 15 48 0f
0x00007ffd1645a75f:   44 f9 45 32 ff 48 8b df 48 85 d2 74 35 48 8b 02
0x00007ffd1645a76f:   48 8b ca ff 90 d8 00 00 00 48 8b f0 4c 39 60 10
0x00007ffd1645a77f:   75 0d 48 8b 10 48 8b c8 ff 52 20 84 c0 74 13 48
0x00007ffd1645a78f:   8b 06 48 8b ce ff 90 b8 00 00 00 84 c0 74 03 41
0x00007ffd1645a79f:   b7 01 48 85 db 74 2f 48 8b 5b 30 4c 39 63 10 75
0x00007ffd1645a7af:   0d 48 8b 03 48 8b cb ff 50 20 84 c0 74 18 48 8b
0x00007ffd1645a7bf:   03 48 8b cb ff 90 b8 00 00 00 84 c0 74 08 41 b7
0x00007ffd1645a7cf:   01 eb 03 45 32 ff 4c 8b 25 ec a9 93 00 bd 01 00
0x00007ffd1645a7df:   00 00 41 39 6e 18 0f 86 f6 00 00 00 0f 1f 44 00
0x00007ffd1645a7ef:   00 8b c5 48 8d 14 c5 00 00 00 00 48 8b 44 24 50
0x00007ffd1645a7ff:   48 8b 40 08 48 8b 0c 02 48 85 c9 0f 84 bf 00 00
0x00007ffd1645a80f:   00 49 8b 5d 50 8b 49 28 48 8b 05 7a a9 93 00 48
0x00007ffd1645a81f:   39 04 cb 0f 85 a7 00 00 00 49 8b 46 08 48 8b 0c
0x00007ffd1645a82f:   02 8b 41 28 48 8b 1c c3 8b 43 10 83 f8 06 75 06
0x00007ffd1645a83f:   48 8b 43 18 eb 16 83 f8 07 75 06 48 8b 43 18 eb
0x00007ffd1645a84f:   0b 83 c0 f1 83 f8 06 77 5a 48 8b c3 48 85 c0 74
0x00007ffd1645a85f:   52 33 c9 83 78 10 12 48 0f 44 c8 48 85 c9 74 43
0x00007ffd1645a86f:   48 8b 01 40 32 f6 ff 90 d8 00 00 00 48 8b f8 48
0x00007ffd1645a87f:   83 78 10 00 75 0d 48 8b 10 48 8b c8 ff 52 20 84
0x00007ffd1645a88f:   c0 74 1b 4c 8b 07 48 8b cf 41 ff 90 b8 00 00 00
0x00007ffd1645a89f:   84 c0 40 0f b6 f6 b8 01 00 00 00 0f 45 f0 44 3a
0x00007ffd1645a8af:   fe 75 2b 41 b0 01 48 8b d3 49 8b cc e8 10 cc 5c
0x00007ffd1645a8bf:   00 48 8b c8 48 8b 10 ff 92 88 00 00 00 4c 8b e0
0x00007ffd1645a8cf:   ff c5 41 3b 6e 18 0f 82 15 ff ff ff eb 04 4d 8b
0x00007ffd1645a8df:   66 38 49 8b 04 24 41 b0 01 49 8b 56 38 49 8b cc
0x00007ffd1645a8ef:   ff 50 08 48 8b c8 48 8b 10 ff 92 88 00 00 00 41 


Stack slot to memory mapping:
stack at sp + 0 slots: 0x000001fe7a99bad8 points into unknown readable memory: 0x00007ffd16bb66c0 | c0 66 bb 16 fd 7f 00 00
stack at sp + 1 slots: 0x000001fe7da5ddb0 points into unknown readable memory: 0x00007ffd16b92890 | 90 28 b9 16 fd 7f 00 00
stack at sp + 2 slots: 0x0000000000000001 is an unknown value
stack at sp + 3 slots: 0x000001fe7ca2f7e8 points into unknown readable memory: 0x00007ffd16b1c8f0 | f0 c8 b1 16 fd 7f 00 00
stack at sp + 4 slots: 0x000001fe7da5ddb0 points into unknown readable memory: 0x00007ffd16b92890 | 90 28 b9 16 fd 7f 00 00
stack at sp + 5 slots: 0x0 is NULL
stack at sp + 6 slots: 0x0000000731ffe130 is pointing into the stack for thread: 0x000001fe7beaf280
stack at sp + 7 slots: 0x0000000000000001 is an unknown value


---------------  P R O C E S S  ---------------

Threads class SMR info:
_java_thread_list=0x000001fe7b8b72d0, length=12, elements={
0x000001fe5d067b90, 0x000001fe5d13bb40, 0x000001fe5d13cdc0, 0x000001fe7a964fe0,
0x000001fe7a967dc0, 0x000001fe7a969f30, 0x000001fe7a96acd0, 0x000001fe7a97e920,
0x000001fe7a9de8d0, 0x000001fe7b3b3700, 0x000001fe7b3c4c80, 0x000001fe7beaf280
}

Java Threads: ( => current thread )
  0x000001fe5d067b90 JavaThread "main" [_thread_in_native, id=6956, stack(0x0000000730b00000,0x0000000730c00000)]
  0x000001fe5d13bb40 JavaThread "Reference Handler" daemon [_thread_blocked, id=5800, stack(0x0000000731200000,0x0000000731300000)]
  0x000001fe5d13cdc0 JavaThread "Finalizer" daemon [_thread_blocked, id=10948, stack(0x0000000731300000,0x0000000731400000)]
  0x000001fe7a964fe0 JavaThread "Signal Dispatcher" daemon [_thread_blocked, id=4944, stack(0x0000000731400000,0x0000000731500000)]
  0x000001fe7a967dc0 JavaThread "Attach Listener" daemon [_thread_blocked, id=10868, stack(0x0000000731500000,0x0000000731600000)]
  0x000001fe7a969f30 JavaThread "Service Thread" daemon [_thread_blocked, id=6924, stack(0x0000000731600000,0x0000000731700000)]
  0x000001fe7a96acd0 JavaThread "C2 CompilerThread0" daemon [_thread_in_native, id=7088, stack(0x0000000731700000,0x0000000731800000)]
  0x000001fe7a97e920 JavaThread "C1 CompilerThread0" daemon [_thread_blocked, id=6756, stack(0x0000000731800000,0x0000000731900000)]
  0x000001fe7a9de8d0 JavaThread "Sweeper thread" daemon [_thread_blocked, id=11152, stack(0x0000000731900000,0x0000000731a00000)]
  0x000001fe7b3b3700 JavaThread "Notification Thread" daemon [_thread_blocked, id=11040, stack(0x0000000731a00000,0x0000000731b00000)]
  0x000001fe7b3c4c80 JavaThread "Common-Cleaner" daemon [_thread_blocked, id=7572, stack(0x0000000731c00000,0x0000000731d00000)]
=>0x000001fe7beaf280 JavaThread "C2 CompilerThread1" daemon [_thread_in_native, id=8024, stack(0x0000000731f00000,0x0000000732000000)]

Other Threads:
  0x000001fe5d137c00 VMThread "VM Thread" [stack: 0x0000000731100000,0x0000000731200000] [id=7600]
  0x000001fe7b3bc7e0 WatcherThread [stack: 0x0000000731b00000,0x0000000731c00000] [id=11312]
  0x000001fe5d0a2e30 GCTaskThread "GC Thread#0" [stack: 0x0000000730c00000,0x0000000730d00000] [id=6208]
  0x000001fe7bc87b80 GCTaskThread "GC Thread#1" [stack: 0x0000000731d00000,0x0000000731e00000] [id=11784]
  0x000001fe7bc85ba0 GCTaskThread "GC Thread#2" [stack: 0x0000000731e00000,0x0000000731f00000] [id=8076]
  0x000001fe5d0b1c90 ConcurrentGCThread "G1 Main Marker" [stack: 0x0000000730d00000,0x0000000730e00000] [id=11500]
  0x000001fe5d0b2790 ConcurrentGCThread "G1 Conc#0" [stack: 0x0000000730e00000,0x0000000730f00000] [id=11648]
  0x000001fe5d116a80 ConcurrentGCThread "G1 Refine#0" [stack: 0x0000000730f00000,0x0000000731000000] [id=12032]
  0x000001fe5d117590 ConcurrentGCThread "G1 Young RemSet Sampling" [stack: 0x0000000731000000,0x0000000731100000] [id=1856]

Threads with active compile tasks:
C2 CompilerThread0    25885 7045       4       org.apache.maven.model.inheritance.DefaultInheritanceAssembler$InheritanceModelMerger::mergePluginContainer_Plugins (433 bytes)
C2 CompilerThread1    25885 7076       4       org.codehaus.plexus.util.xml.Xpp3DomBuilder::build (413 bytes)

VM state: not at safepoint (normal execution)

VM Mutex/Monitor currently owned by a thread: None

Heap address: 0x0000000091000000, size: 1776 MB, Compressed Oops mode: 32-bit
CDS archive(s) mapped at: [0x0000000800000000-0x0000000800b50000-0x0000000800b50000), size 11862016, SharedBaseAddress: 0x0000000800000000, ArchiveRelocationMode: 0.
Compressed class space mapped at: 0x0000000800b50000-0x0000000840b50000, size: 1073741824
Narrow klass base: 0x0000000800000000, Narrow klass shift: 3, Narrow klass range: 0x100000000

GC Precious Log:
 CPUs: 4 total, 4 available
 Memory: 7096M
 Large Page Support: Disabled
 NUMA Support: Disabled
 Compressed Oops: Enabled (32-bit)
 Heap Region Size: 1M
 Heap Min Capacity: 8M
 Heap Initial Capacity: 112M
 Heap Max Capacity: 1776M
 Pre-touch: Disabled
 Parallel Workers: 4
 Concurrent Workers: 1
 Concurrent Refinement Workers: 4
 Periodic GC: Disabled

Heap:
 garbage-first heap   total 119808K, used 74240K [0x0000000091000000, 0x0000000100000000)
  region size 1024K, 18 young (18432K), 2 survivors (2048K)
 Metaspace       used 30494K, capacity 31074K, committed 32660K, reserved 1079296K
  class space    used 3378K, capacity 3593K, committed 3840K, reserved 1048576K

Heap Regions: E=young(eden), S=young(survivor), O=old, HS=humongous(starts), HC=humongous(continues), CS=collection set, F=free, OA=open archive, CA=closed archive, TAMS=top-at-mark-start (previous, next)
|   0|0x0000000091000000, 0x0000000091100000, 0x0000000091100000|100%| O|  |TAMS 0x0000000091100000, 0x0000000091000000| Untracked 
|   1|0x0000000091100000, 0x0000000091200000, 0x0000000091200000|100%| O|  |TAMS 0x0000000091200000, 0x0000000091100000| Untracked 
|   2|0x0000000091200000, 0x0000000091300000, 0x0000000091300000|100%| O|  |TAMS 0x0000000091300000, 0x0000000091200000| Untracked 
|   3|0x0000000091300000, 0x0000000091400000, 0x0000000091400000|100%| O|  |TAMS 0x0000000091400000, 0x0000000091300000| Complete 
|   4|0x0000000091400000, 0x0000000091500000, 0x0000000091500000|100%| O|  |TAMS 0x0000000091500000, 0x0000000091400000| Untracked 
|   5|0x0000000091500000, 0x0000000091600000, 0x0000000091600000|100%| O|  |TAMS 0x0000000091600000, 0x0000000091500000| Untracked 
|   6|0x0000000091600000, 0x0000000091700000, 0x0000000091700000|100%| O|  |TAMS 0x0000000091700000, 0x0000000091600000| Untracked 
|   7|0x0000000091700000, 0x0000000091800000, 0x0000000091800000|100%| O|  |TAMS 0x0000000091800000, 0x0000000091700000| Untracked 
|   8|0x0000000091800000, 0x0000000091900000, 0x0000000091900000|100%| O|  |TAMS 0x0000000091900000, 0x0000000091800000| Untracked 
|   9|0x0000000091900000, 0x0000000091a00000, 0x0000000091a00000|100%| O|  |TAMS 0x0000000091a00000, 0x0000000091900000| Untracked 
|  10|0x0000000091a00000, 0x0000000091b00000, 0x0000000091b00000|100%| O|  |TAMS 0x0000000091b00000, 0x0000000091a00000| Untracked 
|  11|0x0000000091b00000, 0x0000000091c00000, 0x0000000091c00000|100%| O|  |TAMS 0x0000000091c00000, 0x0000000091b00000| Untracked 
|  12|0x0000000091c00000, 0x0000000091c00000, 0x0000000091d00000|  0%| F|  |TAMS 0x0000000091c00000, 0x0000000091c00000| Untracked 
|  13|0x0000000091d00000, 0x0000000091e00000, 0x0000000091e00000|100%| O|  |TAMS 0x0000000091e00000, 0x0000000091d00000| Untracked 
|  14|0x0000000091e00000, 0x0000000091f00000, 0x0000000091f00000|100%| O|  |TAMS 0x0000000091f00000, 0x0000000091e00000| Untracked 
|  15|0x0000000091f00000, 0x0000000092000000, 0x0000000092000000|100%| O|  |TAMS 0x0000000092000000, 0x0000000091f00000| Untracked 
|  16|0x0000000092000000, 0x0000000092100000, 0x0000000092100000|100%| O|  |TAMS 0x0000000092100000, 0x0000000092000000| Untracked 
|  17|0x0000000092100000, 0x0000000092200000, 0x0000000092200000|100%| O|  |TAMS 0x0000000092200000, 0x0000000092100000| Untracked 
|  18|0x0000000092200000, 0x0000000092280000, 0x0000000092300000| 50%| O|  |TAMS 0x0000000092280000, 0x0000000092200000| Complete 
|  19|0x0000000092300000, 0x0000000092400000, 0x0000000092400000|100%|HS|  |TAMS 0x0000000092400000, 0x0000000092300000| Complete 
|  20|0x0000000092400000, 0x0000000092500000, 0x0000000092500000|100%| O|  |TAMS 0x0000000092500000, 0x0000000092400000| Untracked 
|  21|0x0000000092500000, 0x0000000092600000, 0x0000000092600000|100%| O|  |TAMS 0x0000000092600000, 0x0000000092500000| Untracked 
|  22|0x0000000092600000, 0x0000000092700000, 0x0000000092700000|100%| O|  |TAMS 0x0000000092700000, 0x0000000092600000| Untracked 
|  23|0x0000000092700000, 0x0000000092800000, 0x0000000092800000|100%| O|  |TAMS 0x0000000092800000, 0x0000000092700000| Untracked 
|  24|0x0000000092800000, 0x0000000092900000, 0x0000000092900000|100%|HS|  |TAMS 0x0000000092900000, 0x0000000092800000| Complete 
|  25|0x0000000092900000, 0x0000000092a00000, 0x0000000092a00000|100%| O|  |TAMS 0x0000000092a00000, 0x0000000092900000| Complete 
|  26|0x0000000092a00000, 0x0000000092b00000, 0x0000000092b00000|100%| O|  |TAMS 0x0000000092b00000, 0x0000000092a00000| Untracked 
|  27|0x0000000092b00000, 0x0000000092c00000, 0x0000000092c00000|100%| O|  |TAMS 0x0000000092c00000, 0x0000000092b00000| Untracked 
|  28|0x0000000092c00000, 0x0000000092d00000, 0x0000000092d00000|100%| O|  |TAMS 0x0000000092d00000, 0x0000000092c00000| Complete 
|  29|0x0000000092d00000, 0x0000000092e00000, 0x0000000092e00000|100%| O|  |TAMS 0x0000000092e00000, 0x0000000092d00000| Complete 
|  30|0x0000000092e00000, 0x0000000092f00000, 0x0000000092f00000|100%| O|  |TAMS 0x0000000092f00000, 0x0000000092e00000| Complete 
|  31|0x0000000092f00000, 0x0000000093000000, 0x0000000093000000|100%| O|  |TAMS 0x0000000093000000, 0x0000000092f00000| Complete 
|  32|0x0000000093000000, 0x0000000093000000, 0x0000000093100000|  0%| F|  |TAMS 0x0000000093000000, 0x0000000093000000| Untracked 
|  33|0x0000000093100000, 0x0000000093200000, 0x0000000093200000|100%| O|  |TAMS 0x0000000093200000, 0x0000000093100000| Complete 
|  34|0x0000000093200000, 0x0000000093300000, 0x0000000093300000|100%| O|  |TAMS 0x0000000093300000, 0x0000000093200000| Complete 
|  35|0x0000000093300000, 0x0000000093400000, 0x0000000093400000|100%| O|  |TAMS 0x0000000093400000, 0x0000000093300000| Complete 
|  36|0x0000000093400000, 0x0000000093500000, 0x0000000093500000|100%| O|  |TAMS 0x0000000093500000, 0x0000000093400000| Complete 
|  37|0x0000000093500000, 0x0000000093600000, 0x0000000093600000|100%| O|  |TAMS 0x0000000093600000, 0x0000000093500000| Complete 
|  38|0x0000000093600000, 0x0000000093700000, 0x0000000093700000|100%| O|  |TAMS 0x0000000093700000, 0x0000000093600000| Complete 
|  39|0x0000000093700000, 0x0000000093800000, 0x0000000093800000|100%| O|  |TAMS 0x0000000093800000, 0x0000000093700000| Complete 
|  40|0x0000000093800000, 0x0000000093900000, 0x0000000093900000|100%| O|  |TAMS 0x0000000093900000, 0x0000000093800000| Complete 
|  41|0x0000000093900000, 0x0000000093a00000, 0x0000000093a00000|100%| O|  |TAMS 0x0000000093a00000, 0x0000000093900000| Complete 
|  42|0x0000000093a00000, 0x0000000093b00000, 0x0000000093b00000|100%| O|  |TAMS 0x0000000093b00000, 0x0000000093a00000| Complete 
|  43|0x0000000093b00000, 0x0000000093c00000, 0x0000000093c00000|100%| O|  |TAMS 0x0000000093c00000, 0x0000000093b00000| Complete 
|  44|0x0000000093c00000, 0x0000000093d00000, 0x0000000093d00000|100%| O|  |TAMS 0x0000000093d00000, 0x0000000093c00000| Complete 
|  45|0x0000000093d00000, 0x0000000093e00000, 0x0000000093e00000|100%| O|  |TAMS 0x0000000093e00000, 0x0000000093d00000| Untracked 
|  46|0x0000000093e00000, 0x0000000093f00000, 0x0000000093f00000|100%| O|  |TAMS 0x0000000093f00000, 0x0000000093e00000| Untracked 
|  47|0x0000000093f00000, 0x0000000094000000, 0x0000000094000000|100%| O|  |TAMS 0x0000000094000000, 0x0000000093f00000| Untracked 
|  48|0x0000000094000000, 0x0000000094100000, 0x0000000094100000|100%| O|  |TAMS 0x0000000094100000, 0x0000000094000000| Complete 
|  49|0x0000000094100000, 0x0000000094200000, 0x0000000094200000|100%| O|  |TAMS 0x000000009417e600, 0x0000000094100000| Untracked 
|  50|0x0000000094200000, 0x0000000094300000, 0x0000000094300000|100%| O|  |TAMS 0x0000000094200000, 0x0000000094200000| Untracked 
|  51|0x0000000094300000, 0x0000000094400000, 0x0000000094400000|100%| O|  |TAMS 0x0000000094300000, 0x0000000094300000| Untracked 
|  52|0x0000000094400000, 0x0000000094500000, 0x0000000094500000|100%| O|  |TAMS 0x0000000094400000, 0x0000000094400000| Untracked 
|  53|0x0000000094500000, 0x0000000094600000, 0x0000000094600000|100%| O|  |TAMS 0x0000000094500000, 0x0000000094500000| Untracked 
|  54|0x0000000094600000, 0x0000000094700000, 0x0000000094700000|100%| O|  |TAMS 0x0000000094600000, 0x0000000094600000| Untracked 
|  55|0x0000000094700000, 0x0000000094700000, 0x0000000094800000|  0%| F|  |TAMS 0x0000000094700000, 0x0000000094700000| Untracked 
|  56|0x0000000094800000, 0x0000000094800000, 0x0000000094900000|  0%| F|  |TAMS 0x0000000094800000, 0x0000000094800000| Untracked 
|  57|0x0000000094900000, 0x0000000094900000, 0x0000000094a00000|  0%| F|  |TAMS 0x0000000094900000, 0x0000000094900000| Untracked 
|  58|0x0000000094a00000, 0x0000000094a00000, 0x0000000094b00000|  0%| F|  |TAMS 0x0000000094a00000, 0x0000000094a00000| Untracked 
|  59|0x0000000094b00000, 0x0000000094b00000, 0x0000000094c00000|  0%| F|  |TAMS 0x0000000094b00000, 0x0000000094b00000| Untracked 
|  60|0x0000000094c00000, 0x0000000094c00000, 0x0000000094d00000|  0%| F|  |TAMS 0x0000000094c00000, 0x0000000094c00000| Untracked 
|  61|0x0000000094d00000, 0x0000000094d00000, 0x0000000094e00000|  0%| F|  |TAMS 0x0000000094d00000, 0x0000000094d00000| Untracked 
|  62|0x0000000094e00000, 0x0000000094e00000, 0x0000000094f00000|  0%| F|  |TAMS 0x0000000094e00000, 0x0000000094e00000| Untracked 
|  63|0x0000000094f00000, 0x0000000094f00000, 0x0000000095000000|  0%| F|  |TAMS 0x0000000094f00000, 0x0000000094f00000| Untracked 
|  64|0x0000000095000000, 0x0000000095000000, 0x0000000095100000|  0%| F|  |TAMS 0x0000000095000000, 0x0000000095000000| Untracked 
|  65|0x0000000095100000, 0x0000000095100000, 0x0000000095200000|  0%| F|  |TAMS 0x0000000095100000, 0x0000000095100000| Untracked 
|  66|0x0000000095200000, 0x0000000095200000, 0x0000000095300000|  0%| F|  |TAMS 0x0000000095200000, 0x0000000095200000| Untracked 
|  67|0x0000000095300000, 0x0000000095300000, 0x0000000095400000|  0%| F|  |TAMS 0x0000000095300000, 0x0000000095300000| Untracked 
|  68|0x0000000095400000, 0x0000000095400000, 0x0000000095500000|  0%| F|  |TAMS 0x0000000095400000, 0x0000000095400000| Untracked 
|  69|0x0000000095500000, 0x0000000095500000, 0x0000000095600000|  0%| F|  |TAMS 0x0000000095500000, 0x0000000095500000| Untracked 
|  70|0x0000000095600000, 0x0000000095600000, 0x0000000095700000|  0%| F|  |TAMS 0x0000000095600000, 0x0000000095600000| Untracked 
|  71|0x0000000095700000, 0x0000000095700000, 0x0000000095800000|  0%| F|  |TAMS 0x0000000095700000, 0x0000000095700000| Untracked 
|  72|0x0000000095800000, 0x0000000095800000, 0x0000000095900000|  0%| F|  |TAMS 0x0000000095800000, 0x0000000095800000| Untracked 
|  73|0x0000000095900000, 0x0000000095900000, 0x0000000095a00000|  0%| F|  |TAMS 0x0000000095900000, 0x0000000095900000| Untracked 
|  74|0x0000000095a00000, 0x0000000095a00000, 0x0000000095b00000|  0%| F|  |TAMS 0x0000000095a00000, 0x0000000095a00000| Untracked 
|  75|0x0000000095b00000, 0x0000000095b00000, 0x0000000095c00000|  0%| F|  |TAMS 0x0000000095b00000, 0x0000000095b00000| Untracked 
|  76|0x0000000095c00000, 0x0000000095c00000, 0x0000000095d00000|  0%| F|  |TAMS 0x0000000095c00000, 0x0000000095c00000| Untracked 
|  77|0x0000000095d00000, 0x0000000095d00000, 0x0000000095e00000|  0%| F|  |TAMS 0x0000000095d00000, 0x0000000095d00000| Untracked 
|  78|0x0000000095e00000, 0x0000000095e00000, 0x0000000095f00000|  0%| F|  |TAMS 0x0000000095e00000, 0x0000000095e00000| Untracked 
|  79|0x0000000095f00000, 0x0000000096000000, 0x0000000096000000|100%| S|CS|TAMS 0x0000000095f00000, 0x0000000095f00000| Complete 
|  80|0x0000000096000000, 0x0000000096100000, 0x0000000096100000|100%| S|CS|TAMS 0x0000000096000000, 0x0000000096000000| Complete 
|  81|0x0000000096100000, 0x0000000096100000, 0x0000000096200000|  0%| F|  |TAMS 0x0000000096100000, 0x0000000096100000| Untracked 
|  82|0x0000000096200000, 0x0000000096200000, 0x0000000096300000|  0%| F|  |TAMS 0x0000000096200000, 0x0000000096200000| Untracked 
|  83|0x0000000096300000, 0x0000000096300000, 0x0000000096400000|  0%| F|  |TAMS 0x0000000096300000, 0x0000000096300000| Untracked 
|  84|0x0000000096400000, 0x0000000096400000, 0x0000000096500000|  0%| F|  |TAMS 0x0000000096400000, 0x0000000096400000| Untracked 
|  85|0x0000000096500000, 0x0000000096500000, 0x0000000096600000|  0%| F|  |TAMS 0x0000000096500000, 0x0000000096500000| Untracked 
|  86|0x0000000096600000, 0x0000000096600000, 0x0000000096700000|  0%| F|  |TAMS 0x0000000096600000, 0x0000000096600000| Untracked 
|  87|0x0000000096700000, 0x0000000096700000, 0x0000000096800000|  0%| F|  |TAMS 0x0000000096700000, 0x0000000096700000| Untracked 
|  88|0x0000000096800000, 0x0000000096800000, 0x0000000096900000|  0%| F|  |TAMS 0x0000000096800000, 0x0000000096800000| Untracked 
|  89|0x0000000096900000, 0x0000000096900000, 0x0000000096a00000|  0%| F|  |TAMS 0x0000000096900000, 0x0000000096900000| Untracked 
|  90|0x0000000096a00000, 0x0000000096a00000, 0x0000000096b00000|  0%| F|  |TAMS 0x0000000096a00000, 0x0000000096a00000| Untracked 
|  91|0x0000000096b00000, 0x0000000096b00000, 0x0000000096c00000|  0%| F|  |TAMS 0x0000000096b00000, 0x0000000096b00000| Untracked 
|  92|0x0000000096c00000, 0x0000000096c00000, 0x0000000096d00000|  0%| F|  |TAMS 0x0000000096c00000, 0x0000000096c00000| Untracked 
|  93|0x0000000096d00000, 0x0000000096d00000, 0x0000000096e00000|  0%| F|  |TAMS 0x0000000096d00000, 0x0000000096d00000| Untracked 
|  94|0x0000000096e00000, 0x0000000096e00000, 0x0000000096f00000|  0%| F|  |TAMS 0x0000000096e00000, 0x0000000096e00000| Untracked 
|  95|0x0000000096f00000, 0x0000000096f00000, 0x0000000097000000|  0%| F|  |TAMS 0x0000000096f00000, 0x0000000096f00000| Untracked 
|  96|0x0000000097000000, 0x0000000097000000, 0x0000000097100000|  0%| F|  |TAMS 0x0000000097000000, 0x0000000097000000| Untracked 
|  97|0x0000000097100000, 0x0000000097100000, 0x0000000097200000|  0%| F|  |TAMS 0x0000000097100000, 0x0000000097100000| Untracked 
|  98|0x0000000097200000, 0x0000000097282010, 0x0000000097300000| 50%| E|  |TAMS 0x0000000097200000, 0x0000000097200000| Complete 
|  99|0x0000000097300000, 0x0000000097400000, 0x0000000097400000|100%| E|CS|TAMS 0x0000000097300000, 0x0000000097300000| Complete 
| 100|0x0000000097400000, 0x0000000097500000, 0x0000000097500000|100%| E|CS|TAMS 0x0000000097400000, 0x0000000097400000| Complete 
| 101|0x0000000097500000, 0x0000000097600000, 0x0000000097600000|100%| E|CS|TAMS 0x0000000097500000, 0x0000000097500000| Complete 
| 102|0x0000000097600000, 0x0000000097700000, 0x0000000097700000|100%| E|CS|TAMS 0x0000000097600000, 0x0000000097600000| Complete 
| 103|0x0000000097700000, 0x0000000097800000, 0x0000000097800000|100%| E|CS|TAMS 0x0000000097700000, 0x0000000097700000| Complete 
| 104|0x0000000097800000, 0x0000000097900000, 0x0000000097900000|100%| E|CS|TAMS 0x0000000097800000, 0x0000000097800000| Complete 
| 105|0x0000000097900000, 0x0000000097a00000, 0x0000000097a00000|100%| E|CS|TAMS 0x0000000097900000, 0x0000000097900000| Complete 
| 106|0x0000000097a00000, 0x0000000097b00000, 0x0000000097b00000|100%| E|CS|TAMS 0x0000000097a00000, 0x0000000097a00000| Complete 
| 107|0x0000000097b00000, 0x0000000097c00000, 0x0000000097c00000|100%| E|CS|TAMS 0x0000000097b00000, 0x0000000097b00000| Complete 
| 108|0x0000000097c00000, 0x0000000097d00000, 0x0000000097d00000|100%| E|CS|TAMS 0x0000000097c00000, 0x0000000097c00000| Complete 
| 109|0x0000000097d00000, 0x0000000097e00000, 0x0000000097e00000|100%| E|CS|TAMS 0x0000000097d00000, 0x0000000097d00000| Complete 
| 114|0x0000000098200000, 0x0000000098300000, 0x0000000098300000|100%| E|CS|TAMS 0x0000000098200000, 0x0000000098200000| Complete 
| 115|0x0000000098300000, 0x0000000098400000, 0x0000000098400000|100%| E|CS|TAMS 0x0000000098300000, 0x0000000098300000| Complete 
| 116|0x0000000098400000, 0x0000000098500000, 0x0000000098500000|100%| E|CS|TAMS 0x0000000098400000, 0x0000000098400000| Complete 
| 134|0x0000000099600000, 0x0000000099700000, 0x0000000099700000|100%| E|CS|TAMS 0x0000000099600000, 0x0000000099600000| Complete 
|1773|0x00000000ffd00000, 0x00000000ffe00000, 0x00000000ffe00000|100%| O|  |TAMS 0x00000000ffe00000, 0x00000000ffd00000| Complete 
|1774|0x00000000ffe00000, 0x00000000fff00000, 0x00000000fff00000|100%| O|  |TAMS 0x00000000fff00000, 0x00000000ffe00000| Untracked 
|1775|0x00000000fff00000, 0x0000000100000000, 0x0000000100000000|100%| O|  |TAMS 0x0000000100000000, 0x00000000fff00000| Untracked 

Card table byte_map: [0x000001fe74620000,0x000001fe749a0000] _byte_map_base: 0x000001fe74198000

Marking Bits (Prev, Next): (CMBitMap*) 0x000001fe5d0a3570, (CMBitMap*) 0x000001fe5d0a3530
 Prev Bits: [0x000001fe768e0000, 0x000001fe784a0000)
 Next Bits: [0x000001fe74d20000, 0x000001fe768e0000)

Polling page: 0x000001fe5c840000

Metaspace:

Usage:
  Non-class:     26.84 MB capacity,    26.48 MB ( 99%) used,   328.32 KB (  1%) free+waste,    36.81 KB ( <1%) overhead. 
      Class:      3.51 MB capacity,     3.30 MB ( 94%) used,   200.09 KB (  6%) free+waste,    14.25 KB ( <1%) overhead. 
       Both:     30.35 MB capacity,    29.78 MB ( 98%) used,   528.41 KB (  2%) free+waste,    51.06 KB ( <1%) overhead. 

Virtual space:
  Non-class space:       30.00 MB reserved,      28.14 MB ( 94%) committed 
      Class space:        1.00 GB reserved,       3.75 MB ( <1%) committed 
             Both:        1.03 GB reserved,      31.89 MB (  3%) committed 

Chunk freelists:
   Non-Class:  1.31 MB
       Class:  215.00 KB
        Both:  1.52 MB

MaxMetaspaceSize: 17179869184.00 GB
CompressedClassSpaceSize: 1.00 GB

CodeHeap 'non-profiled nmethods': size=120000Kb used=3366Kb max_used=3366Kb free=116633Kb
 bounds [0x000001fe6cd70000, 0x000001fe6d0c0000, 0x000001fe742a0000]
CodeHeap 'profiled nmethods': size=120000Kb used=13958Kb max_used=13958Kb free=106042Kb
 bounds [0x000001fe65840000, 0x000001fe665f0000, 0x000001fe6cd70000]
CodeHeap 'non-nmethods': size=5760Kb used=1247Kb max_used=1300Kb free=4513Kb
 bounds [0x000001fe652a0000, 0x000001fe65510000, 0x000001fe65840000]
 total_blobs=6847 nmethods=6327 adapters=433
 compilation: enabled
              stopped_count=0, restarted_count=0
 full_count=0

Compilation events (20 events):
Event: 25.723 Thread 0x000001fe7a97e920 nmethod 7165 0x000001fe665c5010 code [0x000001fe665c5420, 0x000001fe665c6af8]
Event: 25.723 Thread 0x000001fe7a97e920 7170   !   3       org.eclipse.aether.internal.impl.DefaultArtifactResolver::resolveArtifacts (157 bytes)
Event: 25.726 Thread 0x000001fe7a97e920 nmethod 7170 0x000001fe665c7290 code [0x000001fe665c75e0, 0x000001fe665c8e28]
Event: 25.726 Thread 0x000001fe7a97e920 7166       3       org.eclipse.aether.internal.impl.synccontext.DefaultSyncContextFactory::newInstance (39 bytes)
Event: 25.729 Thread 0x000001fe7a97e920 nmethod 7166 0x000001fe665c9890 code [0x000001fe665c9b40, 0x000001fe665cab08]
Event: 25.729 Thread 0x000001fe7a97e920 7167       3       org.eclipse.aether.internal.impl.synccontext.DefaultSyncContextFactory$$Lambda$115/0x0000000800d29d68::<init> (15 bytes)
Event: 25.729 Thread 0x000001fe7a97e920 nmethod 7167 0x000001fe665cb090 code [0x000001fe665cb240, 0x000001fe665cb458]
Event: 25.729 Thread 0x000001fe7a97e920 7168       3       org.eclipse.aether.internal.impl.synccontext.named.NamedLockFactoryAdapter::newInstance (19 bytes)
Event: 25.730 Thread 0x000001fe7a97e920 nmethod 7168 0x000001fe665cb510 code [0x000001fe665cb6c0, 0x000001fe665cb888]
Event: 25.730 Thread 0x000001fe7a97e920 7169       3       org.eclipse.aether.internal.impl.synccontext.named.NamedLockFactoryAdapter$AdaptedLockSyncContext::getTimeUnit (23 bytes)
Event: 25.731 Thread 0x000001fe7a97e920 nmethod 7169 0x000001fe665cb990 code [0x000001fe665cbb80, 0x000001fe665cc178]
Event: 25.738 Thread 0x000001fe7beaf280 nmethod 7071 0x000001fe6d0b8d10 code [0x000001fe6d0b8f00, 0x000001fe6d0b9560]
Event: 25.739 Thread 0x000001fe7beaf280 7076       4       org.codehaus.plexus.util.xml.Xpp3DomBuilder::build (413 bytes)
Event: 25.740 Thread 0x000001fe7a97e920 7172       3       org.apache.maven.repository.internal.ArtifactDescriptorReaderDelegate::setArtifactProperties (79 bytes)
Event: 25.741 Thread 0x000001fe7a97e920 nmethod 7172 0x000001fe665cc390 code [0x000001fe665cc5c0, 0x000001fe665cceb8]
Event: 25.748 Thread 0x000001fe7a97e920 7173       3       java.util.regex.Pattern::split (288 bytes)
Event: 25.753 Thread 0x000001fe7a97e920 nmethod 7173 0x000001fe665cd210 code [0x000001fe665cd720, 0x000001fe665d0c08]
Event: 25.754 Thread 0x000001fe7a97e920 7174   !   3       org.apache.maven.model.io.DefaultModelReader::read (65 bytes)
Event: 25.756 Thread 0x000001fe7a97e920 nmethod 7174 0x000001fe665d1c10 code [0x000001fe665d1e80, 0x000001fe665d2a58]
Event: 25.756 Thread 0x000001fe7a97e920 7175       3       org.apache.maven.model.io.DefaultModelReader::isStrict (37 bytes)

GC Heap History (20 events):
Event: 14.525 GC heap before
{Heap before GC invocations=5 (full 0):
 garbage-first heap   total 114688K, used 78909K [0x0000000091000000, 0x0000000100000000)
  region size 1024K, 66 young (67584K), 7 survivors (7168K)
 Metaspace       used 20363K, capacity 20851K, committed 21120K, reserved 1069056K
  class space    used 2245K, capacity 2385K, committed 2432K, reserved 1048576K
}
Event: 14.553 GC heap after
{Heap after GC invocations=6 (full 0):
 garbage-first heap   total 138240K, used 22016K [0x0000000091000000, 0x0000000100000000)
  region size 1024K, 3 young (3072K), 3 survivors (3072K)
 Metaspace       used 20363K, capacity 20851K, committed 21120K, reserved 1069056K
  class space    used 2245K, capacity 2385K, committed 2432K, reserved 1048576K
}
Event: 14.699 GC heap before
{Heap before GC invocations=6 (full 0):
 garbage-first heap   total 138240K, used 38400K [0x0000000091000000, 0x0000000100000000)
  region size 1024K, 21 young (21504K), 3 survivors (3072K)
 Metaspace       used 20633K, capacity 21145K, committed 21248K, reserved 1069056K
  class space    used 2278K, capacity 2463K, committed 2560K, reserved 1048576K
}
Event: 14.707 GC heap after
{Heap after GC invocations=7 (full 0):
 garbage-first heap   total 138240K, used 20640K [0x0000000091000000, 0x0000000100000000)
  region size 1024K, 3 young (3072K), 3 survivors (3072K)
 Metaspace       used 20633K, capacity 21145K, committed 21248K, reserved 1069056K
  class space    used 2278K, capacity 2463K, committed 2560K, reserved 1048576K
}
Event: 16.502 GC heap before
{Heap before GC invocations=8 (full 0):
 garbage-first heap   total 75776K, used 63648K [0x0000000091000000, 0x0000000100000000)
  region size 1024K, 44 young (45056K), 3 survivors (3072K)
 Metaspace       used 26398K, capacity 26930K, committed 27156K, reserved 1073152K
  class space    used 2951K, capacity 3110K, committed 3200K, reserved 1048576K
}
Event: 16.535 GC heap after
{Heap after GC invocations=9 (full 0):
 garbage-first heap   total 78848K, used 32851K [0x0000000091000000, 0x0000000100000000)
  region size 1024K, 6 young (6144K), 6 survivors (6144K)
 Metaspace       used 26398K, capacity 26930K, committed 27156K, reserved 1073152K
  class space    used 2951K, capacity 3110K, committed 3200K, reserved 1048576K
}
Event: 16.838 GC heap before
{Heap before GC invocations=10 (full 0):
 garbage-first heap   total 99328K, used 59475K [0x0000000091000000, 0x0000000100000000)
  region size 1024K, 33 young (33792K), 6 survivors (6144K)
 Metaspace       used 26401K, capacity 26930K, committed 27156K, reserved 1073152K
  class space    used 2951K, capacity 3110K, committed 3200K, reserved 1048576K
}
Event: 16.857 GC heap after
{Heap after GC invocations=11 (full 0):
 garbage-first heap   total 99328K, used 35628K [0x0000000091000000, 0x0000000100000000)
  region size 1024K, 3 young (3072K), 3 survivors (3072K)
 Metaspace       used 26401K, capacity 26930K, committed 27156K, reserved 1073152K
  class space    used 2951K, capacity 3110K, committed 3200K, reserved 1048576K
}
Event: 19.075 GC heap before
{Heap before GC invocations=11 (full 0):
 garbage-first heap   total 99328K, used 74540K [0x0000000091000000, 0x0000000100000000)
  region size 1024K, 41 young (41984K), 3 survivors (3072K)
 Metaspace       used 28432K, capacity 28979K, committed 29204K, reserved 1075200K
  class space    used 3168K, capacity 3346K, committed 3456K, reserved 1048576K
}
Event: 19.097 GC heap after
{Heap after GC invocations=12 (full 0):
 garbage-first heap   total 99328K, used 39424K [0x0000000091000000, 0x0000000100000000)
  region size 1024K, 6 young (6144K), 6 survivors (6144K)
 Metaspace       used 28432K, capacity 28979K, committed 29204K, reserved 1075200K
  class space    used 3168K, capacity 3346K, committed 3456K, reserved 1048576K
}
Event: 21.106 GC heap before
{Heap before GC invocations=12 (full 0):
 garbage-first heap   total 99328K, used 76288K [0x0000000091000000, 0x0000000100000000)
  region size 1024K, 42 young (43008K), 6 survivors (6144K)
 Metaspace       used 30517K, capacity 31154K, committed 31252K, reserved 1077248K
  class space    used 3406K, capacity 3620K, committed 3712K, reserved 1048576K
}
Event: 21.129 GC heap after
{Heap after GC invocations=13 (full 0):
 garbage-first heap   total 119808K, used 41337K [0x0000000091000000, 0x0000000100000000)
  region size 1024K, 2 young (2048K), 2 survivors (2048K)
 Metaspace       used 30517K, capacity 31154K, committed 31252K, reserved 1077248K
  class space    used 3406K, capacity 3620K, committed 3712K, reserved 1048576K
}
Event: 21.800 GC heap before
{Heap before GC invocations=13 (full 0):
 garbage-first heap   total 119808K, used 90489K [0x0000000091000000, 0x0000000100000000)
  region size 1024K, 50 young (51200K), 2 survivors (2048K)
 Metaspace       used 30556K, capacity 31164K, committed 31508K, reserved 1077248K
  class space    used 3407K, capacity 3622K, committed 3712K, reserved 1048576K
}
Event: 21.815 GC heap after
{Heap after GC invocations=14 (full 0):
 garbage-first heap   total 119808K, used 47461K [0x0000000091000000, 0x0000000100000000)
  region size 1024K, 7 young (7168K), 7 survivors (7168K)
 Metaspace       used 30556K, capacity 31164K, committed 31508K, reserved 1077248K
  class space    used 3407K, capacity 3622K, committed 3712K, reserved 1048576K
}
Event: 22.225 GC heap before
{Heap before GC invocations=14 (full 0):
 garbage-first heap   total 119808K, used 90469K [0x0000000091000000, 0x0000000100000000)
  region size 1024K, 49 young (50176K), 7 survivors (7168K)
 Metaspace       used 30563K, capacity 31164K, committed 31508K, reserved 1077248K
  class space    used 3407K, capacity 3622K, committed 3712K, reserved 1048576K
}
Event: 22.247 GC heap after
{Heap after GC invocations=15 (full 0):
 garbage-first heap   total 119808K, used 53302K [0x0000000091000000, 0x0000000100000000)
  region size 1024K, 5 young (5120K), 5 survivors (5120K)
 Metaspace       used 30563K, capacity 31164K, committed 31508K, reserved 1077248K
  class space    used 3407K, capacity 3622K, committed 3712K, reserved 1048576K
}
Event: 23.534 GC heap before
{Heap before GC invocations=15 (full 0):
 garbage-first heap   total 119808K, used 91190K [0x0000000091000000, 0x0000000100000000)
  region size 1024K, 43 young (44032K), 5 survivors (5120K)
 Metaspace       used 31041K, capacity 31702K, committed 31764K, reserved 1077248K
  class space    used 3468K, capacity 3696K, committed 3712K, reserved 1048576K
}
Event: 23.553 GC heap after
{Heap after GC invocations=16 (full 0):
 garbage-first heap   total 119808K, used 59244K [0x0000000091000000, 0x0000000100000000)
  region size 1024K, 6 young (6144K), 6 survivors (6144K)
 Metaspace       used 31041K, capacity 31702K, committed 31764K, reserved 1077248K
  class space    used 3468K, capacity 3696K, committed 3712K, reserved 1048576K
}
Event: 24.943 GC heap before
{Heap before GC invocations=16 (full 0):
 garbage-first heap   total 119808K, used 93036K [0x0000000091000000, 0x0000000100000000)
  region size 1024K, 39 young (39936K), 6 survivors (6144K)
 Metaspace       used 31887K, capacity 32579K, committed 32660K, reserved 1079296K
  class space    used 3555K, capacity 3796K, committed 3840K, reserved 1048576K
}
Event: 24.962 GC heap after
{Heap after GC invocations=17 (full 0):
 garbage-first heap   total 119808K, used 59904K [0x0000000091000000, 0x0000000100000000)
  region size 1024K, 2 young (2048K), 2 survivors (2048K)
 Metaspace       used 31887K, capacity 32579K, committed 32660K, reserved 1079296K
  class space    used 3555K, capacity 3796K, committed 3840K, reserved 1048576K
}

Deoptimization events (20 events):
Event: 24.596 Thread 0x000001fe5d067b90 Uncommon trap: trap_request=0xffffffbe fr.pc=0x000001fe6d0a0910 relative=0x0000000000000450
Event: 24.596 Thread 0x000001fe5d067b90 Uncommon trap: reason=profile_predicate action=maybe_recompile pc=0x000001fe6d0a0910 method=sun.nio.cs.ISO_8859_1$Decoder.decodeArrayLoop(Ljava/nio/ByteBuffer;Ljava/nio/CharBuffer;)Ljava/nio/charset/CoderResult; @ 133 c2
Event: 24.596 Thread 0x000001fe5d067b90 DEOPT PACKING pc=0x000001fe6d0a0910 sp=0x0000000730bfae90
Event: 24.596 Thread 0x000001fe5d067b90 DEOPT UNPACKING pc=0x000001fe652ee12f sp=0x0000000730bfae20 mode 2
Event: 24.597 Thread 0x000001fe5d067b90 Uncommon trap: trap_request=0xffffffbe fr.pc=0x000001fe6d0a0910 relative=0x0000000000000450
Event: 24.597 Thread 0x000001fe5d067b90 Uncommon trap: reason=profile_predicate action=maybe_recompile pc=0x000001fe6d0a0910 method=sun.nio.cs.ISO_8859_1$Decoder.decodeArrayLoop(Ljava/nio/ByteBuffer;Ljava/nio/CharBuffer;)Ljava/nio/charset/CoderResult; @ 133 c2
Event: 24.597 Thread 0x000001fe5d067b90 DEOPT PACKING pc=0x000001fe6d0a0910 sp=0x0000000730bfaef0
Event: 24.597 Thread 0x000001fe5d067b90 DEOPT UNPACKING pc=0x000001fe652ee12f sp=0x0000000730bfae80 mode 2
Event: 25.170 Thread 0x000001fe5d13cdc0 Uncommon trap: trap_request=0xfffffff4 fr.pc=0x000001fe6d06d9ac relative=0x000000000000032c
Event: 25.170 Thread 0x000001fe5d13cdc0 Uncommon trap: reason=null_check action=make_not_entrant pc=0x000001fe6d06d9ac method=sun.nio.fs.NativeBuffers.getNativeBufferFromCache(I)Lsun/nio/fs/NativeBuffer; @ 6 c2
Event: 25.170 Thread 0x000001fe5d13cdc0 DEOPT PACKING pc=0x000001fe6d06d9ac sp=0x00000007313febf0
Event: 25.170 Thread 0x000001fe5d13cdc0 DEOPT UNPACKING pc=0x000001fe652ee12f sp=0x00000007313feb48 mode 2
Event: 25.170 Thread 0x000001fe5d13cdc0 Uncommon trap: trap_request=0xfffffff4 fr.pc=0x000001fe6d069ed4 relative=0x00000000000001f4
Event: 25.170 Thread 0x000001fe5d13cdc0 Uncommon trap: reason=null_check action=make_not_entrant pc=0x000001fe6d069ed4 method=sun.nio.fs.NativeBuffers.releaseNativeBuffer(Lsun/nio/fs/NativeBuffer;)V @ 6 c2
Event: 25.170 Thread 0x000001fe5d13cdc0 DEOPT PACKING pc=0x000001fe6d069ed4 sp=0x00000007313febb0
Event: 25.171 Thread 0x000001fe5d13cdc0 DEOPT UNPACKING pc=0x000001fe652ee12f sp=0x00000007313feb80 mode 2
Event: 25.288 Thread 0x000001fe5d067b90 Uncommon trap: trap_request=0xffffff45 fr.pc=0x000001fe6cf31dc0 relative=0x0000000000000220
Event: 25.288 Thread 0x000001fe5d067b90 Uncommon trap: reason=unstable_if action=reinterpret pc=0x000001fe6cf31dc0 method=org.codehaus.plexus.util.xml.pull.MXParser.printable(I)Ljava/lang/String; @ 33 c2
Event: 25.289 Thread 0x000001fe5d067b90 DEOPT PACKING pc=0x000001fe6cf31dc0 sp=0x0000000730bfbf20
Event: 25.289 Thread 0x000001fe5d067b90 DEOPT UNPACKING pc=0x000001fe652ee12f sp=0x0000000730bfbed0 mode 2

Classes unloaded (20 events):
Event: 25.141 Thread 0x000001fe5d137c00 Unloading class 0x0000000800e78670 'lombok/javac/apt/LombokFileObject'
Event: 25.141 Thread 0x000001fe5d137c00 Unloading class 0x0000000800e78478 'lombok/javac/apt/LombokFileObjects$Compiler'
Event: 25.141 Thread 0x000001fe5d137c00 Unloading class 0x0000000800e78278 'lombok/javac/apt/LombokFileObjects'
Event: 25.141 Thread 0x000001fe5d137c00 Unloading class 0x0000000800e78040 'lombok/javac/apt/MessagerDiagnosticsReceiver'
Event: 25.141 Thread 0x000001fe5d137c00 Unloading class 0x0000000800e3c458 'lombok/javac/apt/InterceptingJavaFileManager'
Event: 25.141 Thread 0x000001fe5d137c00 Unloading class 0x0000000800e3c240 'lombok/core/CleanupRegistry'
Event: 25.141 Thread 0x000001fe5d137c00 Unloading class 0x0000000800e3c040 'lombok/permit/Permit$Fake'
Event: 25.141 Thread 0x000001fe5d137c00 Unloading class 0x0000000800e3cd28 'lombok/permit/Permit'
Event: 25.141 Thread 0x000001fe5d137c00 Unloading class 0x0000000800e3ca38 'lombok/javac/apt/LombokProcessor$1'
Event: 25.141 Thread 0x000001fe5d137c00 Unloading class 0x0000000800e3c840 'lombok/core/DiagnosticsReceiver'
Event: 25.141 Thread 0x000001fe5d137c00 Unloading class 0x0000000800e3dca8 'lombok/javac/apt/LombokProcessor'
Event: 25.141 Thread 0x000001fe5d137c00 Unloading class 0x0000000800e3da78 'lombok/core/AnnotationProcessor$EcjDescriptor'
Event: 25.141 Thread 0x000001fe5d137c00 Unloading class 0x0000000800e3d840 'lombok/core/AnnotationProcessor$JavacDescriptor'
Event: 25.141 Thread 0x000001fe5d137c00 Unloading class 0x0000000800e3e2c0 'lombok/core/AnnotationProcessor$ProcessorDescriptor'
Event: 25.141 Thread 0x000001fe5d137c00 Unloading class 0x0000000800e3e040 'lombok/core/AnnotationProcessor'
Event: 25.141 Thread 0x000001fe5d137c00 Unloading class 0x0000000800e3d240 'lombok/launch/AnnotationProcessorHider$ClaimingProcessor'
Event: 25.141 Thread 0x000001fe5d137c00 Unloading class 0x0000000800e3d040 'lombok/launch/AnnotationProcessorHider$AstModificationNotifierData'
Event: 25.141 Thread 0x000001fe5d137c00 Unloading class 0x0000000800e384c0 'lombok/launch/ShadowClassLoader'
Event: 25.141 Thread 0x000001fe5d137c00 Unloading class 0x0000000800e382c0 'lombok/launch/Main'
Event: 25.141 Thread 0x000001fe5d137c00 Unloading class 0x0000000800e38040 'lombok/launch/AnnotationProcessorHider$AnnotationProcessor'

Classes redefined (0 events):
No events

Internal exceptions (20 events):
Event: 24.237 Thread 0x000001fe5d067b90 Exception <a 'sun/nio/fs/WindowsException'{0x000000009753a228}> (0x000000009753a228) 
thrown [./open/src/hotspot/share/prims/jni.cpp, line 578]
Event: 24.237 Thread 0x000001fe5d067b90 Exception <a 'sun/nio/fs/WindowsException'{0x000000009753a788}> (0x000000009753a788) 
thrown [./open/src/hotspot/share/prims/jni.cpp, line 578]
Event: 24.237 Thread 0x000001fe5d067b90 Exception <a 'sun/nio/fs/WindowsException'{0x000000009753bbe0}> (0x000000009753bbe0) 
thrown [./open/src/hotspot/share/prims/jni.cpp, line 578]
Event: 24.237 Thread 0x000001fe5d067b90 Exception <a 'sun/nio/fs/WindowsException'{0x000000009753c0a0}> (0x000000009753c0a0) 
thrown [./open/src/hotspot/share/prims/jni.cpp, line 578]
Event: 24.247 Thread 0x000001fe5d067b90 Exception <a 'sun/nio/fs/WindowsException'{0x0000000097577618}> (0x0000000097577618) 
thrown [./open/src/hotspot/share/prims/jni.cpp, line 578]
Event: 24.248 Thread 0x000001fe5d067b90 Exception <a 'sun/nio/fs/WindowsException'{0x0000000097577ab0}> (0x0000000097577ab0) 
thrown [./open/src/hotspot/share/prims/jni.cpp, line 578]
Event: 24.248 Thread 0x000001fe5d067b90 Exception <a 'sun/nio/fs/WindowsException'{0x0000000097578e48}> (0x0000000097578e48) 
thrown [./open/src/hotspot/share/prims/jni.cpp, line 578]
Event: 24.248 Thread 0x000001fe5d067b90 Exception <a 'sun/nio/fs/WindowsException'{0x00000000975793a8}> (0x00000000975793a8) 
thrown [./open/src/hotspot/share/prims/jni.cpp, line 578]
Event: 24.248 Thread 0x000001fe5d067b90 Exception <a 'sun/nio/fs/WindowsException'{0x000000009757a800}> (0x000000009757a800) 
thrown [./open/src/hotspot/share/prims/jni.cpp, line 578]
Event: 24.248 Thread 0x000001fe5d067b90 Exception <a 'sun/nio/fs/WindowsException'{0x000000009757acc0}> (0x000000009757acc0) 
thrown [./open/src/hotspot/share/prims/jni.cpp, line 578]
Event: 24.261 Thread 0x000001fe5d067b90 Exception <a 'sun/nio/fs/WindowsException'{0x000000009759ce58}> (0x000000009759ce58) 
thrown [./open/src/hotspot/share/prims/jni.cpp, line 578]
Event: 24.261 Thread 0x000001fe5d067b90 Exception <a 'sun/nio/fs/WindowsException'{0x000000009759d2f0}> (0x000000009759d2f0) 
thrown [./open/src/hotspot/share/prims/jni.cpp, line 578]
Event: 24.261 Thread 0x000001fe5d067b90 Exception <a 'sun/nio/fs/WindowsException'{0x000000009759e3e0}> (0x000000009759e3e0) 
thrown [./open/src/hotspot/share/prims/jni.cpp, line 578]
Event: 24.261 Thread 0x000001fe5d067b90 Exception <a 'sun/nio/fs/WindowsException'{0x000000009759e940}> (0x000000009759e940) 
thrown [./open/src/hotspot/share/prims/jni.cpp, line 578]
Event: 24.261 Thread 0x000001fe5d067b90 Exception <a 'sun/nio/fs/WindowsException'{0x000000009759faf0}> (0x000000009759faf0) 
thrown [./open/src/hotspot/share/prims/jni.cpp, line 578]
Event: 24.261 Thread 0x000001fe5d067b90 Exception <a 'sun/nio/fs/WindowsException'{0x000000009759ffb0}> (0x000000009759ffb0) 
thrown [./open/src/hotspot/share/prims/jni.cpp, line 578]
Event: 24.284 Thread 0x000001fe5d067b90 Exception <a 'sun/nio/fs/WindowsException'{0x0000000097461858}> (0x0000000097461858) 
thrown [./open/src/hotspot/share/prims/jni.cpp, line 578]
Event: 24.290 Thread 0x000001fe5d067b90 Exception <a 'sun/nio/fs/WindowsException'{0x0000000097479138}> (0x0000000097479138) 
thrown [./open/src/hotspot/share/prims/jni.cpp, line 578]
Event: 24.299 Thread 0x000001fe5d067b90 Exception <a 'sun/nio/fs/WindowsException'{0x00000000974957d8}> (0x00000000974957d8) 
thrown [./open/src/hotspot/share/prims/jni.cpp, line 578]
Event: 25.170 Thread 0x000001fe5d13cdc0 Implicit null exception at 0x000001fe6d069d74 to 0x000001fe6d069ec4

Events (20 events):
Event: 21.815 Executing VM operation: HandshakeAllThreads
Event: 21.816 Executing VM operation: HandshakeAllThreads done
Event: 22.225 Executing VM operation: G1CollectForAllocation
Event: 22.247 Executing VM operation: G1CollectForAllocation done
Event: 23.534 Executing VM operation: G1CollectForAllocation
Event: 23.553 Executing VM operation: G1CollectForAllocation done
Event: 23.609 Thread 0x000001fe7beaf280 Thread exited: 0x000001fe7beaf280
Event: 24.238 Thread 0x000001fe7beaf280 Thread added: 0x000001fe7beaf280
Event: 24.943 Executing VM operation: G1CollectForAllocation
Event: 24.962 Executing VM operation: G1CollectForAllocation done
Event: 25.128 Executing VM operation: G1Concurrent
Event: 25.167 Executing VM operation: G1Concurrent done
Event: 25.167 Executing VM operation: HandshakeAllThreads
Event: 25.206 Executing VM operation: HandshakeAllThreads done
Event: 25.227 Thread 0x000001fe7a9de8d0 flushing nmethod 0x000001fe66374b10
Event: 25.228 Thread 0x000001fe7a9de8d0 flushing nmethod 0x000001fe66379d90
Event: 25.273 Executing VM operation: G1Concurrent
Event: 25.274 Executing VM operation: G1Concurrent done
Event: 25.274 Executing VM operation: HandshakeAllThreads
Event: 25.274 Executing VM operation: HandshakeAllThreads done


Dynamic libraries:
0x00007ff675f10000 - 0x00007ff675f1f000 	C:\Program Files\Java\jdk-15.0.2\bin\java.exe
0x00007ffd7da50000 - 0x00007ffd7dc48000 	C:\WINDOWS\SYSTEM32\ntdll.dll
0x00007ffd7bd90000 - 0x00007ffd7be4d000 	C:\WINDOWS\System32\KERNEL32.DLL
0x00007ffd7b4c0000 - 0x00007ffd7b7b6000 	C:\WINDOWS\System32\KERNELBASE.dll
0x00007ffd7b9b0000 - 0x00007ffd7bab0000 	C:\WINDOWS\System32\ucrtbase.dll
0x00007ffd689e0000 - 0x00007ffd689f9000 	C:\Program Files\Java\jdk-15.0.2\bin\VCRUNTIME140.dll
0x00007ffd75e90000 - 0x00007ffd75ea8000 	C:\Program Files\Java\jdk-15.0.2\bin\jli.dll
0x00007ffd7d130000 - 0x00007ffd7d1df000 	C:\WINDOWS\System32\ADVAPI32.dll
0x00007ffd7c580000 - 0x00007ffd7c61e000 	C:\WINDOWS\System32\msvcrt.dll
0x00007ffd7bac0000 - 0x00007ffd7bb5c000 	C:\WINDOWS\System32\sechost.dll
0x00007ffd7c8c0000 - 0x00007ffd7c9e6000 	C:\WINDOWS\System32\RPCRT4.dll
0x00007ffd7bbf0000 - 0x00007ffd7bd8e000 	C:\WINDOWS\System32\USER32.dll
0x00007ffd7b7c0000 - 0x00007ffd7b7e2000 	C:\WINDOWS\System32\win32u.dll
0x00007ffd7bbc0000 - 0x00007ffd7bbec000 	C:\WINDOWS\System32\GDI32.dll
0x00007ffd7b890000 - 0x00007ffd7b9aa000 	C:\WINDOWS\System32\gdi32full.dll
0x00007ffd7b7f0000 - 0x00007ffd7b88d000 	C:\WINDOWS\System32\msvcp_win.dll
0x00007ffd7a500000 - 0x00007ffd7a79a000 	C:\WINDOWS\WinSxS\amd64_microsoft.windows.common-controls_6595b64144ccf1df_6.0.19041.3636_none_60b6a03d71f818d5\COMCTL32.dll
0x00007ffd77db0000 - 0x00007ffd77dba000 	C:\WINDOWS\SYSTEM32\VERSION.dll
0x00007ffd7c810000 - 0x00007ffd7c840000 	C:\WINDOWS\System32\IMM32.DLL
0x00007ffd78fd0000 - 0x00007ffd78fdc000 	C:\Program Files\Java\jdk-15.0.2\bin\vcruntime140_1.dll
0x00007ffd5ffe0000 - 0x00007ffd60071000 	C:\Program Files\Java\jdk-15.0.2\bin\msvcp140.dll
0x00007ffd162d0000 - 0x00007ffd16e2e000 	C:\Program Files\Java\jdk-15.0.2\bin\server\jvm.dll
0x00007ffd7bab0000 - 0x00007ffd7bab8000 	C:\WINDOWS\System32\PSAPI.DLL
0x00007ffd623a0000 - 0x00007ffd623a9000 	C:\WINDOWS\SYSTEM32\WSOCK32.dll
0x00007ffd7c7a0000 - 0x00007ffd7c80b000 	C:\WINDOWS\System32\WS2_32.dll
0x00007ffd71880000 - 0x00007ffd718a7000 	C:\WINDOWS\SYSTEM32\WINMM.dll
0x00007ffd78250000 - 0x00007ffd78262000 	C:\WINDOWS\SYSTEM32\kernel.appcore.dll
0x00007ffd72120000 - 0x00007ffd7212a000 	C:\Program Files\Java\jdk-15.0.2\bin\jimage.dll
0x00007ffd7aa90000 - 0x00007ffd7ac74000 	C:\WINDOWS\SYSTEM32\DBGHELP.DLL
0x00007ffd7aa50000 - 0x00007ffd7aa84000 	C:\WINDOWS\SYSTEM32\dbgcore.DLL
0x00007ffd7b220000 - 0x00007ffd7b2a2000 	C:\WINDOWS\System32\bcryptPrimitives.dll
0x00007ffd60260000 - 0x00007ffd60285000 	C:\Program Files\Java\jdk-15.0.2\bin\java.dll
0x00007ffd7d1e0000 - 0x00007ffd7d924000 	C:\WINDOWS\System32\SHELL32.dll
0x00007ffd78510000 - 0x00007ffd78cab000 	C:\WINDOWS\SYSTEM32\windows.storage.dll
0x00007ffd7bef0000 - 0x00007ffd7c244000 	C:\WINDOWS\System32\combase.dll
0x00007ffd7a460000 - 0x00007ffd7a48d000 	C:\WINDOWS\SYSTEM32\Wldp.dll
0x00007ffd7c400000 - 0x00007ffd7c4ad000 	C:\WINDOWS\System32\SHCORE.dll
0x00007ffd7c740000 - 0x00007ffd7c795000 	C:\WINDOWS\System32\shlwapi.dll
0x00007ffd7b060000 - 0x00007ffd7b085000 	C:\WINDOWS\SYSTEM32\profapi.dll
0x00007ffd60240000 - 0x00007ffd60259000 	C:\Program Files\Java\jdk-15.0.2\bin\net.dll
0x00007ffd70810000 - 0x00007ffd7091a000 	C:\WINDOWS\SYSTEM32\WINHTTP.dll
0x00007ffd7a340000 - 0x00007ffd7a3aa000 	C:\WINDOWS\system32\mswsock.dll
0x00007ffd60220000 - 0x00007ffd60232000 	C:\Program Files\Java\jdk-15.0.2\bin\nio.dll
0x00007ffd60200000 - 0x00007ffd60218000 	C:\Program Files\Java\jdk-15.0.2\bin\zip.dll
0x0000000069ac0000 - 0x0000000069ae4000 	C:\Program Files\NetBeans-19\netbeans\java\maven\lib\jansi-native\Windows\x86_64\jansi.dll
0x00007ffd6fd60000 - 0x00007ffd6fd70000 	C:\Program Files\Java\jdk-15.0.2\bin\verify.dll

dbghelp: loaded successfully - version: 4.0.5 - missing functions: none
symbol engine: initialized successfully - sym options: 0x614 - pdb path: .;C:\Program Files\Java\jdk-15.0.2\bin;C:\WINDOWS\SYSTEM32;C:\WINDOWS\WinSxS\amd64_microsoft.windows.common-controls_6595b64144ccf1df_6.0.19041.3636_none_60b6a03d71f818d5;C:\Program Files\Java\jdk-15.0.2\bin\server;C:\Program Files\NetBeans-19\netbeans\java\maven\lib\jansi-native\Windows\x86_64

VM Arguments:
jvm_args: -Dclassworlds.conf=C:\Program Files\NetBeans-19\netbeans\java\maven\bin\m2.conf -Dmaven.home=C:\Program Files\NetBeans-19\netbeans\java\maven -Dlibrary.jansi.path=C:\Program Files\NetBeans-19\netbeans\java\maven\lib\jansi-native -Dmaven.multiModuleProjectDirectory=D:\Cursos UDEMY\JAVA de Cero a Experto UDEMY\S117. SPRING - Crud completo con Spring Boot y MySQL\ControlClientes 
java_command: org.codehaus.plexus.classworlds.launcher.Launcher -Dspring-boot.run.jvmArguments=-noverify -XX:TieredStopAtLevel=1 -Dspring-boot.run.mainClass=mx.com.gm.HolaSpringApplication -Dexec.vmArgs= -Dexec.appArgs= -Dmaven.ext.class.path=C:\Program Files\NetBeans-19\netbeans\java\maven-nblib\netbeans-eventspy.jar -Dfile.encoding=UTF-8 --no-transfer-progress spring-boot:run
java_class_path (initial): C:\Program Files\NetBeans-19\netbeans\java\maven\boot\plexus-classworlds-2.7.0.jar
Launcher Type: SUN_STANDARD

[Global flags]
     intx CICompilerCount                          = 3                                         {product} {ergonomic}
     uint ConcGCThreads                            = 1                                         {product} {ergonomic}
     uint G1ConcRefinementThreads                  = 4                                         {product} {ergonomic}
   size_t G1HeapRegionSize                         = 1048576                                   {product} {ergonomic}
    uintx GCDrainStackTargetSize                   = 64                                        {product} {ergonomic}
   size_t InitialHeapSize                          = 117440512                                 {product} {ergonomic}
   size_t MarkStackSize                            = 4194304                                   {product} {ergonomic}
   size_t MaxHeapSize                              = 1862270976                                {product} {ergonomic}
   size_t MaxNewSize                               = 1116733440                                {product} {ergonomic}
   size_t MinHeapDeltaBytes                        = 1048576                                   {product} {ergonomic}
   size_t MinHeapSize                              = 8388608                                   {product} {ergonomic}
    uintx NonNMethodCodeHeapSize                   = 5832780                                {pd product} {ergonomic}
    uintx NonProfiledCodeHeapSize                  = 122912730                              {pd product} {ergonomic}
    uintx ProfiledCodeHeapSize                     = 122912730                              {pd product} {ergonomic}
    uintx ReservedCodeCacheSize                    = 251658240                              {pd product} {ergonomic}
     bool SegmentedCodeCache                       = true                                      {product} {ergonomic}
   size_t SoftMaxHeapSize                          = 1862270976                             {manageable} {ergonomic}
     bool UseCompressedClassPointers               = true                                 {lp64_product} {ergonomic}
     bool UseCompressedOops                        = true                                 {lp64_product} {ergonomic}
     bool UseG1GC                                  = true                                      {product} {ergonomic}
     bool UseLargePagesIndividualAllocation        = false                                  {pd product} {ergonomic}

Logging:
Log output configuration:
 #0: stdout all=warning uptime,level,tags
 #1: stderr all=off uptime,level,tags

Environment Variables:
JAVA_HOME=C:\Program Files\Java\jdk-15.0.2
PATH=C:\Program Files (x86)\Common Files\Oracle\Java\javapath;D:\CursosUDEMY\JAVAdeCeroaExpertoUDEMY\S79.EJBsEnJavaEE\apache-maven-3.9.5-bin\apache-maven-3.9.5;C:\WINDOWS\system32;C:\WINDOWS;C:\WINDOWS\System32\Wbem;C:\WINDOWS\System32\WindowsPowerShell\v1.0\;C:\WINDOWS\System32\OpenSSH\;C:\Program Files\Git\cmd;C:\Program Files\nodejs\;C:\Users\Henry\AppData\Roaming\npm;C:\Program Files\MySQL\MySQL Server 8.0\bin;C:\Program Files\Java\jdk-1.8\bin;C:\Program Files\MySQL\MySQL Shell 8.0\bin\;C:\Users\Henry\AppData\Local\Microsoft\WindowsApps;C:\Users\Henry\AppData\Local\GitHubDesktop\bin;C:\Users\Henry\AppData\Roaming\npm;C:\Users\Henry\AppData\Local\Programs\Microsoft VS Code\bin;C:\Users\Henry\AppData\Roaming\npm
USERNAME=Henry
OS=Windows_NT
PROCESSOR_IDENTIFIER=AMD64 Family 22 Model 48 Stepping 1, AuthenticAMD



---------------  S Y S T E M  ---------------

OS:
 Windows 10 , 64 bit Build 19041 (10.0.19041.3636)
OS uptime: 0 days 2:45 hours

CPU: total 4 (initial active 4) (4 cores per cpu, 1 threads per core) family 22 model 48 stepping 1 microcode 0x0, cmov, cx8, fxsr, mmx, sse, sse2, sse3, ssse3, sse4.1, sse4.2, popcnt, vzeroupper, avx, aes, clmul, 3dnowpref, lzcnt, sse4a, tsc, tscinvbit, tscinv, bmi1, clflush

Memory: 4k page, system-wide physical 7096M (3010M free)
TotalPageFile size 9528M (AvailPageFile size 3418M)
current process WorkingSet (physical memory assigned to process): 273M, peak: 282M
current process commit charge ("private bytes"): 304M, peak: 313M

vm_info: Java HotSpot(TM) 64-Bit Server VM (15.0.2+7-27) for windows-amd64 JRE (15.0.2+7-27), built on Dec  7 2020 20:07:01 by "mach5one" with unknown MS VC++:1925

END.
